c:\programming\nite\enginesetup\enginesetup\enginesetup\x64\debug\vc143.pdb
c:\programming\nite\enginesetup\enginesetup\enginesetup\x64\debug\vc143.idb
c:\programming\nite\enginesetup\enginesetup\enginesetup\x64\debug\writer.obj
c:\programming\nite\enginesetup\enginesetup\enginesetup\x64\debug\world.obj
c:\programming\nite\enginesetup\enginesetup\enginesetup\x64\debug\winscreen.obj
c:\programming\nite\enginesetup\enginesetup\enginesetup\x64\debug\titlescreen.obj
c:\programming\nite\enginesetup\enginesetup\enginesetup\x64\debug\statemanager.obj
c:\programming\nite\enginesetup\enginesetup\enginesetup\x64\debug\state.obj
c:\programming\nite\enginesetup\enginesetup\enginesetup\x64\debug\soundmanager.obj
c:\programming\nite\enginesetup\enginesetup\enginesetup\x64\debug\presenter.obj
c:\programming\nite\enginesetup\enginesetup\enginesetup\x64\debug\menu.obj
c:\programming\nite\enginesetup\enginesetup\enginesetup\x64\debug\main.obj
c:\programming\nite\enginesetup\enginesetup\enginesetup\x64\debug\inputmanager.obj
c:\programming\nite\enginesetup\enginesetup\enginesetup\x64\debug\grid.obj
c:\programming\nite\enginesetup\enginesetup\enginesetup\x64\debug\game.obj
c:\programming\nite\enginesetup\enginesetup\enginesetup\x64\debug\errorhandler.obj
c:\programming\nite\enginesetup\enginesetup\enginesetup\x64\debug\entity.obj
c:\programming\nite\enginesetup\enginesetup\enginesetup\x64\debug\engine.obj
c:\programming\nite\enginesetup\enginesetup\enginesetup\x64\debug\configmanager.obj
c:\programming\nite\enginesetup\enginesetup\enginesetup\x64\debug\button.obj
c:\programming\nite\enginesetup\enginesetup\x64\debug\enginesetup.pdb
c:\programming\nite\enginesetup\enginesetup\enginesetup\x64\debug\enginesetup.tlog\cl.command.1.tlog
c:\programming\nite\enginesetup\enginesetup\enginesetup\x64\debug\enginesetup.tlog\cl.read.1.tlog
c:\programming\nite\enginesetup\enginesetup\enginesetup\x64\debug\enginesetup.tlog\cl.write.1.tlog
c:\programming\nite\enginesetup\enginesetup\enginesetup\x64\debug\enginesetup.tlog\link-cvtres.read.1.tlog
c:\programming\nite\enginesetup\enginesetup\enginesetup\x64\debug\enginesetup.tlog\link-cvtres.write.1.tlog
c:\programming\nite\enginesetup\enginesetup\enginesetup\x64\debug\enginesetup.tlog\link-rc.read.1.tlog
c:\programming\nite\enginesetup\enginesetup\enginesetup\x64\debug\enginesetup.tlog\link-rc.write.1.tlog
c:\programming\nite\enginesetup\enginesetup\enginesetup\x64\debug\enginesetup.tlog\link.command.1.tlog
c:\programming\nite\enginesetup\enginesetup\enginesetup\x64\debug\enginesetup.tlog\link.read.1.tlog
c:\programming\nite\enginesetup\enginesetup\enginesetup\x64\debug\enginesetup.tlog\link.read.2.tlog
c:\programming\nite\enginesetup\enginesetup\enginesetup\x64\debug\enginesetup.tlog\link.read.3.tlog
c:\programming\nite\enginesetup\enginesetup\enginesetup\x64\debug\enginesetup.tlog\link.write.1.tlog
