c:\programming\nite\enginesetup\enginesetup\enginesetup\debug\vc143.pdb
c:\programming\nite\enginesetup\enginesetup\enginesetup\debug\vc143.idb
c:\programming\nite\enginesetup\enginesetup\enginesetup\debug\writer.obj
c:\programming\nite\enginesetup\enginesetup\enginesetup\debug\world.obj
c:\programming\nite\enginesetup\enginesetup\enginesetup\debug\winscreen.obj
c:\programming\nite\enginesetup\enginesetup\enginesetup\debug\titlescreen.obj
c:\programming\nite\enginesetup\enginesetup\enginesetup\debug\statemanager.obj
c:\programming\nite\enginesetup\enginesetup\enginesetup\debug\state.obj
c:\programming\nite\enginesetup\enginesetup\enginesetup\debug\soundmanager.obj
c:\programming\nite\enginesetup\enginesetup\enginesetup\debug\presenter.obj
c:\programming\nite\enginesetup\enginesetup\enginesetup\debug\menu.obj
c:\programming\nite\enginesetup\enginesetup\enginesetup\debug\main.obj
c:\programming\nite\enginesetup\enginesetup\enginesetup\debug\inputmanager.obj
c:\programming\nite\enginesetup\enginesetup\enginesetup\debug\grid.obj
c:\programming\nite\enginesetup\enginesetup\enginesetup\debug\game.obj
c:\programming\nite\enginesetup\enginesetup\enginesetup\debug\errorhandler.obj
c:\programming\nite\enginesetup\enginesetup\enginesetup\debug\entity.obj
c:\programming\nite\enginesetup\enginesetup\enginesetup\debug\engine.obj
c:\programming\nite\enginesetup\enginesetup\enginesetup\debug\configmanager.obj
c:\programming\nite\enginesetup\enginesetup\enginesetup\debug\button.obj
c:\programming\nite\enginesetup\enginesetup\debug\enginesetup.exe
c:\programming\nite\enginesetup\enginesetup\enginesetup\debug\enginesetup.ilk
c:\programming\nite\enginesetup\enginesetup\debug\enginesetup.pdb
c:\programming\nite\enginesetup\enginesetup\enginesetup\debug\..\debug\enginesetup.ilk
c:\programming\nite\enginesetup\enginesetup\enginesetup\debug\enginesetup.tlog\cl.command.1.tlog
c:\programming\nite\enginesetup\enginesetup\enginesetup\debug\enginesetup.tlog\cl.read.1.tlog
c:\programming\nite\enginesetup\enginesetup\enginesetup\debug\enginesetup.tlog\cl.write.1.tlog
c:\programming\nite\enginesetup\enginesetup\enginesetup\debug\enginesetup.tlog\link.command.1.tlog
c:\programming\nite\enginesetup\enginesetup\enginesetup\debug\enginesetup.tlog\link.read.1.tlog
c:\programming\nite\enginesetup\enginesetup\enginesetup\debug\enginesetup.tlog\link.write.1.tlog
